16821
Token indices sequence length is longer than the specified maximum sequence length for this model (1043 > 1024). Running this sequence through the model will result in indexing errors
Token indices sequence length is longer than the specified maximum sequence length for this model (1897 > 1024). Running this sequence through the model will result in indexing errors
Token indices sequence length is longer than the specified maximum sequence length for this model (1152 > 1024). Running this sequence through the model will result in indexing errors
Token indices sequence length is longer than the specified maximum sequence length for this model (1089 > 1024). Running this sequence through the model will result in indexing errors
Token indices sequence length is longer than the specified maximum sequence length for this model (2886 > 1024). Running this sequence through the model will result in indexing errors
Token indices sequence length is longer than the specified maximum sequence length for this model (1163 > 1024). Running this sequence through the model will result in indexing errors
Token indices sequence length is longer than the specified maximum sequence length for this model (1043 > 1024). Running this sequence through the model will result in indexing errors
Token indices sequence length is longer than the specified maximum sequence length for this model (1897 > 1024). Running this sequence through the model will result in indexing errors
Token indices sequence length is longer than the specified maximum sequence length for this model (1152 > 1024). Running this sequence through the model will result in indexing errors
Token indices sequence length is longer than the specified maximum sequence length for this model (1089 > 1024). Running this sequence through the model will result in indexing errors
Token indices sequence length is longer than the specified maximum sequence length for this model (2886 > 1024). Running this sequence through the model will result in indexing errors
Token indices sequence length is longer than the specified maximum sequence length for this model (1163 > 1024). Running this sequence through the model will result in indexing errors
Token indices sequence length is longer than the specified maximum sequence length for this model (1043 > 1024). Running this sequence through the model will result in indexing errors
Token indices sequence length is longer than the specified maximum sequence length for this model (1897 > 1024). Running this sequence through the model will result in indexing errors
Token indices sequence length is longer than the specified maximum sequence length for this model (1152 > 1024). Running this sequence through the model will result in indexing errors
Token indices sequence length is longer than the specified maximum sequence length for this model (1089 > 1024). Running this sequence through the model will result in indexing errors
Token indices sequence length is longer than the specified maximum sequence length for this model (2886 > 1024). Running this sequence through the model will result in indexing errors
Token indices sequence length is longer than the specified maximum sequence length for this model (1163 > 1024). Running this sequence through the model will result in indexing errors
Token indices sequence length is longer than the specified maximum sequence length for this model (1043 > 1024). Running this sequence through the model will result in indexing errors
Token indices sequence length is longer than the specified maximum sequence length for this model (1897 > 1024). Running this sequence through the model will result in indexing errors
Token indices sequence length is longer than the specified maximum sequence length for this model (1152 > 1024). Running this sequence through the model will result in indexing errors
Token indices sequence length is longer than the specified maximum sequence length for this model (1089 > 1024). Running this sequence through the model will result in indexing errors
Token indices sequence length is longer than the specified maximum sequence length for this model (2886 > 1024). Running this sequence through the model will result in indexing errors
Token indices sequence length is longer than the specified maximum sequence length for this model (1163 > 1024). Running this sequence through the model will result in indexing errors
Token indices sequence length is longer than the specified maximum sequence length for this model (1043 > 1024). Running this sequence through the model will result in indexing errors
Token indices sequence length is longer than the specified maximum sequence length for this model (1897 > 1024). Running this sequence through the model will result in indexing errors
Token indices sequence length is longer than the specified maximum sequence length for this model (1152 > 1024). Running this sequence through the model will result in indexing errors
Token indices sequence length is longer than the specified maximum sequence length for this model (1089 > 1024). Running this sequence through the model will result in indexing errors
Token indices sequence length is longer than the specified maximum sequence length for this model (2886 > 1024). Running this sequence through the model will result in indexing errors
Token indices sequence length is longer than the specified maximum sequence length for this model (1163 > 1024). Running this sequence through the model will result in indexing errors
Token indices sequence length is longer than the specified maximum sequence length for this model (1043 > 1024). Running this sequence through the model will result in indexing errors
Token indices sequence length is longer than the specified maximum sequence length for this model (1897 > 1024). Running this sequence through the model will result in indexing errors
Token indices sequence length is longer than the specified maximum sequence length for this model (1152 > 1024). Running this sequence through the model will result in indexing errors
Token indices sequence length is longer than the specified maximum sequence length for this model (1089 > 1024). Running this sequence through the model will result in indexing errors
Token indices sequence length is longer than the specified maximum sequence length for this model (2886 > 1024). Running this sequence through the model will result in indexing errors
Token indices sequence length is longer than the specified maximum sequence length for this model (1163 > 1024). Running this sequence through the model will result in indexing errors
Token indices sequence length is longer than the specified maximum sequence length for this model (1043 > 1024). Running this sequence through the model will result in indexing errors
Token indices sequence length is longer than the specified maximum sequence length for this model (1897 > 1024). Running this sequence through the model will result in indexing errors
Token indices sequence length is longer than the specified maximum sequence length for this model (1152 > 1024). Running this sequence through the model will result in indexing errors
Token indices sequence length is longer than the specified maximum sequence length for this model (1089 > 1024). Running this sequence through the model will result in indexing errors
Token indices sequence length is longer than the specified maximum sequence length for this model (2886 > 1024). Running this sequence through the model will result in indexing errors
Token indices sequence length is longer than the specified maximum sequence length for this model (1163 > 1024). Running this sequence through the model will result in indexing errors
Token indices sequence length is longer than the specified maximum sequence length for this model (1043 > 1024). Running this sequence through the model will result in indexing errors
Token indices sequence length is longer than the specified maximum sequence length for this model (1897 > 1024). Running this sequence through the model will result in indexing errors
Token indices sequence length is longer than the specified maximum sequence length for this model (1152 > 1024). Running this sequence through the model will result in indexing errors
Token indices sequence length is longer than the specified maximum sequence length for this model (1089 > 1024). Running this sequence through the model will result in indexing errors
Token indices sequence length is longer than the specified maximum sequence length for this model (2886 > 1024). Running this sequence through the model will result in indexing errors
Token indices sequence length is longer than the specified maximum sequence length for this model (1163 > 1024). Running this sequence through the model will result in indexing errors
Token indices sequence length is longer than the specified maximum sequence length for this model (1043 > 1024). Running this sequence through the model will result in indexing errors
Token indices sequence length is longer than the specified maximum sequence length for this model (1897 > 1024). Running this sequence through the model will result in indexing errors
Token indices sequence length is longer than the specified maximum sequence length for this model (1152 > 1024). Running this sequence through the model will result in indexing errors
Token indices sequence length is longer than the specified maximum sequence length for this model (1089 > 1024). Running this sequence through the model will result in indexing errors
Token indices sequence length is longer than the specified maximum sequence length for this model (2886 > 1024). Running this sequence through the model will result in indexing errors
Token indices sequence length is longer than the specified maximum sequence length for this model (1163 > 1024). Running this sequence through the model will result in indexing errors
Token indices sequence length is longer than the specified maximum sequence length for this model (1043 > 1024). Running this sequence through the model will result in indexing errors
Token indices sequence length is longer than the specified maximum sequence length for this model (1897 > 1024). Running this sequence through the model will result in indexing errors
Token indices sequence length is longer than the specified maximum sequence length for this model (1152 > 1024). Running this sequence through the model will result in indexing errors
Token indices sequence length is longer than the specified maximum sequence length for this model (1089 > 1024). Running this sequence through the model will result in indexing errors
Token indices sequence length is longer than the specified maximum sequence length for this model (2886 > 1024). Running this sequence through the model will result in indexing errors
Token indices sequence length is longer than the specified maximum sequence length for this model (1163 > 1024). Running this sequence through the model will result in indexing errors
Token indices sequence length is longer than the specified maximum sequence length for this model (1043 > 1024). Running this sequence through the model will result in indexing errors
Token indices sequence length is longer than the specified maximum sequence length for this model (1897 > 1024). Running this sequence through the model will result in indexing errors
Token indices sequence length is longer than the specified maximum sequence length for this model (1152 > 1024). Running this sequence through the model will result in indexing errors
Token indices sequence length is longer than the specified maximum sequence length for this model (1089 > 1024). Running this sequence through the model will result in indexing errors
Token indices sequence length is longer than the specified maximum sequence length for this model (2886 > 1024). Running this sequence through the model will result in indexing errors
Token indices sequence length is longer than the specified maximum sequence length for this model (1163 > 1024). Running this sequence through the model will result in indexing errors
Token indices sequence length is longer than the specified maximum sequence length for this model (1043 > 1024). Running this sequence through the model will result in indexing errors
Token indices sequence length is longer than the specified maximum sequence length for this model (1897 > 1024). Running this sequence through the model will result in indexing errors
Token indices sequence length is longer than the specified maximum sequence length for this model (1152 > 1024). Running this sequence through the model will result in indexing errors
Token indices sequence length is longer than the specified maximum sequence length for this model (1089 > 1024). Running this sequence through the model will result in indexing errors
Token indices sequence length is longer than the specified maximum sequence length for this model (2886 > 1024). Running this sequence through the model will result in indexing errors
Token indices sequence length is longer than the specified maximum sequence length for this model (1163 > 1024). Running this sequence through the model will result in indexing errors
Token indices sequence length is longer than the specified maximum sequence length for this model (1043 > 1024). Running this sequence through the model will result in indexing errors
Token indices sequence length is longer than the specified maximum sequence length for this model (1897 > 1024). Running this sequence through the model will result in indexing errors
Token indices sequence length is longer than the specified maximum sequence length for this model (1152 > 1024). Running this sequence through the model will result in indexing errors
Token indices sequence length is longer than the specified maximum sequence length for this model (1089 > 1024). Running this sequence through the model will result in indexing errors
Token indices sequence length is longer than the specified maximum sequence length for this model (2886 > 1024). Running this sequence through the model will result in indexing errors
Token indices sequence length is longer than the specified maximum sequence length for this model (1163 > 1024). Running this sequence through the model will result in indexing errors
Token indices sequence length is longer than the specified maximum sequence length for this model (1043 > 1024). Running this sequence through the model will result in indexing errors
Token indices sequence length is longer than the specified maximum sequence length for this model (1897 > 1024). Running this sequence through the model will result in indexing errors
Token indices sequence length is longer than the specified maximum sequence length for this model (1152 > 1024). Running this sequence through the model will result in indexing errors
Token indices sequence length is longer than the specified maximum sequence length for this model (1089 > 1024). Running this sequence through the model will result in indexing errors
Token indices sequence length is longer than the specified maximum sequence length for this model (2886 > 1024). Running this sequence through the model will result in indexing errors
Token indices sequence length is longer than the specified maximum sequence length for this model (1163 > 1024). Running this sequence through the model will result in indexing errors
Token indices sequence length is longer than the specified maximum sequence length for this model (1043 > 1024). Running this sequence through the model will result in indexing errors
Token indices sequence length is longer than the specified maximum sequence length for this model (1897 > 1024). Running this sequence through the model will result in indexing errors
Token indices sequence length is longer than the specified maximum sequence length for this model (1152 > 1024). Running this sequence through the model will result in indexing errors
Token indices sequence length is longer than the specified maximum sequence length for this model (1089 > 1024). Running this sequence through the model will result in indexing errors
Token indices sequence length is longer than the specified maximum sequence length for this model (2886 > 1024). Running this sequence through the model will result in indexing errors
Token indices sequence length is longer than the specified maximum sequence length for this model (1163 > 1024). Running this sequence through the model will result in indexing errors
Token indices sequence length is longer than the specified maximum sequence length for this model (1043 > 1024). Running this sequence through the model will result in indexing errors
Token indices sequence length is longer than the specified maximum sequence length for this model (1897 > 1024). Running this sequence through the model will result in indexing errors
Token indices sequence length is longer than the specified maximum sequence length for this model (1152 > 1024). Running this sequence through the model will result in indexing errors
Token indices sequence length is longer than the specified maximum sequence length for this model (1089 > 1024). Running this sequence through the model will result in indexing errors
Token indices sequence length is longer than the specified maximum sequence length for this model (2886 > 1024). Running this sequence through the model will result in indexing errors
Token indices sequence length is longer than the specified maximum sequence length for this model (1163 > 1024). Running this sequence through the model will result in indexing errors
Token indices sequence length is longer than the specified maximum sequence length for this model (1043 > 1024). Running this sequence through the model will result in indexing errors
Token indices sequence length is longer than the specified maximum sequence length for this model (1897 > 1024). Running this sequence through the model will result in indexing errors
Token indices sequence length is longer than the specified maximum sequence length for this model (1152 > 1024). Running this sequence through the model will result in indexing errors
Token indices sequence length is longer than the specified maximum sequence length for this model (1089 > 1024). Running this sequence through the model will result in indexing errors
Token indices sequence length is longer than the specified maximum sequence length for this model (2886 > 1024). Running this sequence through the model will result in indexing errors
Token indices sequence length is longer than the specified maximum sequence length for this model (1163 > 1024). Running this sequence through the model will result in indexing errors
Token indices sequence length is longer than the specified maximum sequence length for this model (1043 > 1024). Running this sequence through the model will result in indexing errors
Token indices sequence length is longer than the specified maximum sequence length for this model (1897 > 1024). Running this sequence through the model will result in indexing errors
Token indices sequence length is longer than the specified maximum sequence length for this model (1152 > 1024). Running this sequence through the model will result in indexing errors
Token indices sequence length is longer than the specified maximum sequence length for this model (1089 > 1024). Running this sequence through the model will result in indexing errors
Token indices sequence length is longer than the specified maximum sequence length for this model (2886 > 1024). Running this sequence through the model will result in indexing errors
Token indices sequence length is longer than the specified maximum sequence length for this model (1163 > 1024). Running this sequence through the model will result in indexing errors
Token indices sequence length is longer than the specified maximum sequence length for this model (1043 > 1024). Running this sequence through the model will result in indexing errors
Token indices sequence length is longer than the specified maximum sequence length for this model (1897 > 1024). Running this sequence through the model will result in indexing errors
Token indices sequence length is longer than the specified maximum sequence length for this model (1152 > 1024). Running this sequence through the model will result in indexing errors
Token indices sequence length is longer than the specified maximum sequence length for this model (1089 > 1024). Running this sequence through the model will result in indexing errors
Token indices sequence length is longer than the specified maximum sequence length for this model (2886 > 1024). Running this sequence through the model will result in indexing errors
Token indices sequence length is longer than the specified maximum sequence length for this model (1163 > 1024). Running this sequence through the model will result in indexing errors
Token indices sequence length is longer than the specified maximum sequence length for this model (1043 > 1024). Running this sequence through the model will result in indexing errors
Token indices sequence length is longer than the specified maximum sequence length for this model (1897 > 1024). Running this sequence through the model will result in indexing errors
Token indices sequence length is longer than the specified maximum sequence length for this model (1152 > 1024). Running this sequence through the model will result in indexing errors
Token indices sequence length is longer than the specified maximum sequence length for this model (1089 > 1024). Running this sequence through the model will result in indexing errors
Token indices sequence length is longer than the specified maximum sequence length for this model (2886 > 1024). Running this sequence through the model will result in indexing errors
Token indices sequence length is longer than the specified maximum sequence length for this model (1163 > 1024). Running this sequence through the model will result in indexing errors
Token indices sequence length is longer than the specified maximum sequence length for this model (1043 > 1024). Running this sequence through the model will result in indexing errors
Token indices sequence length is longer than the specified maximum sequence length for this model (1897 > 1024). Running this sequence through the model will result in indexing errors
Token indices sequence length is longer than the specified maximum sequence length for this model (1152 > 1024). Running this sequence through the model will result in indexing errors
Token indices sequence length is longer than the specified maximum sequence length for this model (1089 > 1024). Running this sequence through the model will result in indexing errors
Token indices sequence length is longer than the specified maximum sequence length for this model (2886 > 1024). Running this sequence through the model will result in indexing errors
Token indices sequence length is longer than the specified maximum sequence length for this model (1163 > 1024). Running this sequence through the model will result in indexing errors
Token indices sequence length is longer than the specified maximum sequence length for this model (1043 > 1024). Running this sequence through the model will result in indexing errors
Token indices sequence length is longer than the specified maximum sequence length for this model (1897 > 1024). Running this sequence through the model will result in indexing errors
Token indices sequence length is longer than the specified maximum sequence length for this model (1152 > 1024). Running this sequence through the model will result in indexing errors
Token indices sequence length is longer than the specified maximum sequence length for this model (1089 > 1024). Running this sequence through the model will result in indexing errors
Token indices sequence length is longer than the specified maximum sequence length for this model (2886 > 1024). Running this sequence through the model will result in indexing errors
Token indices sequence length is longer than the specified maximum sequence length for this model (1163 > 1024). Running this sequence through the model will result in indexing errors
Token indices sequence length is longer than the specified maximum sequence length for this model (1043 > 1024). Running this sequence through the model will result in indexing errors
Token indices sequence length is longer than the specified maximum sequence length for this model (1897 > 1024). Running this sequence through the model will result in indexing errors
Token indices sequence length is longer than the specified maximum sequence length for this model (1152 > 1024). Running this sequence through the model will result in indexing errors
Token indices sequence length is longer than the specified maximum sequence length for this model (1089 > 1024). Running this sequence through the model will result in indexing errors
Token indices sequence length is longer than the specified maximum sequence length for this model (2886 > 1024). Running this sequence through the model will result in indexing errors
Token indices sequence length is longer than the specified maximum sequence length for this model (1163 > 1024). Running this sequence through the model will result in indexing errors
Token indices sequence length is longer than the specified maximum sequence length for this model (1043 > 1024). Running this sequence through the model will result in indexing errors
Token indices sequence length is longer than the specified maximum sequence length for this model (1897 > 1024). Running this sequence through the model will result in indexing errors
Token indices sequence length is longer than the specified maximum sequence length for this model (1152 > 1024). Running this sequence through the model will result in indexing errors
Token indices sequence length is longer than the specified maximum sequence length for this model (1089 > 1024). Running this sequence through the model will result in indexing errors
Token indices sequence length is longer than the specified maximum sequence length for this model (2886 > 1024). Running this sequence through the model will result in indexing errors
Token indices sequence length is longer than the specified maximum sequence length for this model (1163 > 1024). Running this sequence through the model will result in indexing errors
Token indices sequence length is longer than the specified maximum sequence length for this model (1043 > 1024). Running this sequence through the model will result in indexing errors
Token indices sequence length is longer than the specified maximum sequence length for this model (1897 > 1024). Running this sequence through the model will result in indexing errors
Token indices sequence length is longer than the specified maximum sequence length for this model (1152 > 1024). Running this sequence through the model will result in indexing errors
Token indices sequence length is longer than the specified maximum sequence length for this model (1089 > 1024). Running this sequence through the model will result in indexing errors
Token indices sequence length is longer than the specified maximum sequence length for this model (2886 > 1024). Running this sequence through the model will result in indexing errors
Token indices sequence length is longer than the specified maximum sequence length for this model (1163 > 1024). Running this sequence through the model will result in indexing errors
Token indices sequence length is longer than the specified maximum sequence length for this model (1043 > 1024). Running this sequence through the model will result in indexing errors
Token indices sequence length is longer than the specified maximum sequence length for this model (1897 > 1024). Running this sequence through the model will result in indexing errors
Token indices sequence length is longer than the specified maximum sequence length for this model (1152 > 1024). Running this sequence through the model will result in indexing errors
Token indices sequence length is longer than the specified maximum sequence length for this model (1089 > 1024). Running this sequence through the model will result in indexing errors
Token indices sequence length is longer than the specified maximum sequence length for this model (2886 > 1024). Running this sequence through the model will result in indexing errors
Token indices sequence length is longer than the specified maximum sequence length for this model (1163 > 1024). Running this sequence through the model will result in indexing errors
Token indices sequence length is longer than the specified maximum sequence length for this model (1043 > 1024). Running this sequence through the model will result in indexing errors
Token indices sequence length is longer than the specified maximum sequence length for this model (1897 > 1024). Running this sequence through the model will result in indexing errors
Token indices sequence length is longer than the specified maximum sequence length for this model (1152 > 1024). Running this sequence through the model will result in indexing errors
Token indices sequence length is longer than the specified maximum sequence length for this model (1089 > 1024). Running this sequence through the model will result in indexing errors
Token indices sequence length is longer than the specified maximum sequence length for this model (2886 > 1024). Running this sequence through the model will result in indexing errors
Token indices sequence length is longer than the specified maximum sequence length for this model (1163 > 1024). Running this sequence through the model will result in indexing errors
Token indices sequence length is longer than the specified maximum sequence length for this model (1043 > 1024). Running this sequence through the model will result in indexing errors
Token indices sequence length is longer than the specified maximum sequence length for this model (1897 > 1024). Running this sequence through the model will result in indexing errors
Token indices sequence length is longer than the specified maximum sequence length for this model (1152 > 1024). Running this sequence through the model will result in indexing errors
Token indices sequence length is longer than the specified maximum sequence length for this model (1089 > 1024). Running this sequence through the model will result in indexing errors
Token indices sequence length is longer than the specified maximum sequence length for this model (2886 > 1024). Running this sequence through the model will result in indexing errors
Token indices sequence length is longer than the specified maximum sequence length for this model (1163 > 1024). Running this sequence through the model will result in indexing errors
Token indices sequence length is longer than the specified maximum sequence length for this model (1043 > 1024). Running this sequence through the model will result in indexing errors
Token indices sequence length is longer than the specified maximum sequence length for this model (1897 > 1024). Running this sequence through the model will result in indexing errors
Token indices sequence length is longer than the specified maximum sequence length for this model (1152 > 1024). Running this sequence through the model will result in indexing errors
Token indices sequence length is longer than the specified maximum sequence length for this model (1089 > 1024). Running this sequence through the model will result in indexing errors
Token indices sequence length is longer than the specified maximum sequence length for this model (2886 > 1024). Running this sequence through the model will result in indexing errors
Token indices sequence length is longer than the specified maximum sequence length for this model (1163 > 1024). Running this sequence through the model will result in indexing errors
Token indices sequence length is longer than the specified maximum sequence length for this model (1043 > 1024). Running this sequence through the model will result in indexing errors
Token indices sequence length is longer than the specified maximum sequence length for this model (1897 > 1024). Running this sequence through the model will result in indexing errors
Token indices sequence length is longer than the specified maximum sequence length for this model (1152 > 1024). Running this sequence through the model will result in indexing errors
Token indices sequence length is longer than the specified maximum sequence length for this model (1089 > 1024). Running this sequence through the model will result in indexing errors
Token indices sequence length is longer than the specified maximum sequence length for this model (2886 > 1024). Running this sequence through the model will result in indexing errors
Token indices sequence length is longer than the specified maximum sequence length for this model (1163 > 1024). Running this sequence through the model will result in indexing errors
inserting block at 8
inserting block at 4
inserting block at 0
multipliers:
     Parameter containing:
tensor([0.0607], device='cuda:0', requires_grad=True)
     Parameter containing:
tensor([-0.2298], device='cuda:0', requires_grad=True)
     Parameter containing:
tensor([-0.3653], device='cuda:0', requires_grad=True)
     Parameter containing:
tensor([0.5027], device='cuda:0', requires_grad=True)

multipliers:
     Parameter containing:
tensor([0.0580], device='cuda:0', requires_grad=True)
     Parameter containing:
tensor([-0.3849], device='cuda:0', requires_grad=True)
     Parameter containing:
tensor([-0.6358], device='cuda:0', requires_grad=True)
     Parameter containing:
tensor([0.8367], device='cuda:0', requires_grad=True)

multipliers:
     Parameter containing:
tensor([0.0593], device='cuda:0', requires_grad=True)
     Parameter containing:
tensor([-0.5149], device='cuda:0', requires_grad=True)
     Parameter containing:
tensor([-0.8726], device='cuda:0', requires_grad=True)
     Parameter containing:
tensor([1.2818], device='cuda:0', requires_grad=True)

multipliers:
     Parameter containing:
tensor([0.0587], device='cuda:0', requires_grad=True)
     Parameter containing:
tensor([-0.5801], device='cuda:0', requires_grad=True)
     Parameter containing:
tensor([-1.0087], device='cuda:0', requires_grad=True)
     Parameter containing:
tensor([1.7705], device='cuda:0', requires_grad=True)

multipliers:
     Parameter containing:
tensor([0.0597], device='cuda:0', requires_grad=True)
     Parameter containing:
tensor([-0.5997], device='cuda:0', requires_grad=True)
     Parameter containing:
tensor([-1.0810], device='cuda:0', requires_grad=True)
     Parameter containing:
tensor([2.2478], device='cuda:0', requires_grad=True)

multipliers:
     Parameter containing:
tensor([0.0581], device='cuda:0', requires_grad=True)
     Parameter containing:
tensor([-0.6031], device='cuda:0', requires_grad=True)
     Parameter containing:
tensor([-1.1202], device='cuda:0', requires_grad=True)
     Parameter containing:
tensor([2.6794], device='cuda:0', requires_grad=True)

multipliers:
     Parameter containing:
tensor([0.0598], device='cuda:0', requires_grad=True)
     Parameter containing:
tensor([-0.6046], device='cuda:0', requires_grad=True)
     Parameter containing:
tensor([-1.1461], device='cuda:0', requires_grad=True)
     Parameter containing:
tensor([3.0512], device='cuda:0', requires_grad=True)

multipliers:
     Parameter containing:
tensor([0.0586], device='cuda:0', requires_grad=True)
     Parameter containing:
tensor([-0.6090], device='cuda:0', requires_grad=True)
     Parameter containing:
tensor([-1.1686], device='cuda:0', requires_grad=True)
     Parameter containing:
tensor([3.3723], device='cuda:0', requires_grad=True)

multipliers:
     Parameter containing:
tensor([0.0588], device='cuda:0', requires_grad=True)
     Parameter containing:
tensor([-0.6062], device='cuda:0', requires_grad=True)
     Parameter containing:
tensor([-1.1790], device='cuda:0', requires_grad=True)
     Parameter containing:
tensor([3.6491], device='cuda:0', requires_grad=True)

multipliers:
     Parameter containing:
tensor([0.0595], device='cuda:0', requires_grad=True)
     Parameter containing:
tensor([-0.6029], device='cuda:0', requires_grad=True)
     Parameter containing:
tensor([-1.1915], device='cuda:0', requires_grad=True)
     Parameter containing:
tensor([3.8999], device='cuda:0', requires_grad=True)

multipliers:
     Parameter containing:
tensor([0.0594], device='cuda:0', requires_grad=True)
     Parameter containing:
tensor([-0.6028], device='cuda:0', requires_grad=True)
     Parameter containing:
tensor([-1.1985], device='cuda:0', requires_grad=True)
     Parameter containing:
tensor([4.1262], device='cuda:0', requires_grad=True)

multipliers:
     Parameter containing:
tensor([0.0589], device='cuda:0', requires_grad=True)
     Parameter containing:
tensor([-0.6067], device='cuda:0', requires_grad=True)
     Parameter containing:
tensor([-1.2085], device='cuda:0', requires_grad=True)
     Parameter containing:
tensor([4.3159], device='cuda:0', requires_grad=True)

multipliers:
     Parameter containing:
tensor([0.0594], device='cuda:0', requires_grad=True)
     Parameter containing:
tensor([-0.6063], device='cuda:0', requires_grad=True)
     Parameter containing:
tensor([-1.2189], device='cuda:0', requires_grad=True)
     Parameter containing:
tensor([4.4862], device='cuda:0', requires_grad=True)

multipliers:
     Parameter containing:
tensor([0.0600], device='cuda:0', requires_grad=True)
     Parameter containing:
tensor([-0.6056], device='cuda:0', requires_grad=True)
     Parameter containing:
tensor([-1.2242], device='cuda:0', requires_grad=True)
     Parameter containing:
tensor([4.6427], device='cuda:0', requires_grad=True)

multipliers:
     Parameter containing:
tensor([0.0608], device='cuda:0', requires_grad=True)
     Parameter containing:
tensor([-0.6070], device='cuda:0', requires_grad=True)
     Parameter containing:
tensor([-1.2317], device='cuda:0', requires_grad=True)
     Parameter containing:
tensor([4.7744], device='cuda:0', requires_grad=True)

multipliers:
     Parameter containing:
tensor([0.0594], device='cuda:0', requires_grad=True)
     Parameter containing:
tensor([-0.6024], device='cuda:0', requires_grad=True)
     Parameter containing:
tensor([-1.2389], device='cuda:0', requires_grad=True)
     Parameter containing:
tensor([4.8954], device='cuda:0', requires_grad=True)

multipliers:
     Parameter containing:
tensor([0.0598], device='cuda:0', requires_grad=True)
     Parameter containing:
tensor([-0.6048], device='cuda:0', requires_grad=True)
     Parameter containing:
tensor([-1.2446], device='cuda:0', requires_grad=True)
     Parameter containing:
tensor([4.9976], device='cuda:0', requires_grad=True)

multipliers:
     Parameter containing:
tensor([0.0604], device='cuda:0', requires_grad=True)
     Parameter containing:
tensor([-0.6057], device='cuda:0', requires_grad=True)
     Parameter containing:
tensor([-1.2491], device='cuda:0', requires_grad=True)
     Parameter containing:
tensor([5.0885], device='cuda:0', requires_grad=True)

multipliers:
     Parameter containing:
tensor([0.0597], device='cuda:0', requires_grad=True)
     Parameter containing:
tensor([-0.6007], device='cuda:0', requires_grad=True)
     Parameter containing:
tensor([-1.2551], device='cuda:0', requires_grad=True)
     Parameter containing:
tensor([5.1690], device='cuda:0', requires_grad=True)

multipliers:
     Parameter containing:
tensor([0.0595], device='cuda:0', requires_grad=True)
     Parameter containing:
tensor([-0.6035], device='cuda:0', requires_grad=True)
     Parameter containing:
tensor([-1.2623], device='cuda:0', requires_grad=True)
     Parameter containing:
tensor([5.2494], device='cuda:0', requires_grad=True)

multipliers:
     Parameter containing:
tensor([0.0595], device='cuda:0', requires_grad=True)
     Parameter containing:
tensor([-0.6007], device='cuda:0', requires_grad=True)
     Parameter containing:
tensor([-1.2682], device='cuda:0', requires_grad=True)
     Parameter containing:
tensor([5.3130], device='cuda:0', requires_grad=True)

multipliers:
     Parameter containing:
tensor([0.0590], device='cuda:0', requires_grad=True)
     Parameter containing:
tensor([-0.6017], device='cuda:0', requires_grad=True)
     Parameter containing:
tensor([-1.2794], device='cuda:0', requires_grad=True)
     Parameter containing:
tensor([5.3674], device='cuda:0', requires_grad=True)

multipliers:
     Parameter containing:
tensor([0.0595], device='cuda:0', requires_grad=True)
     Parameter containing:
tensor([-0.6008], device='cuda:0', requires_grad=True)
     Parameter containing:
tensor([-1.2848], device='cuda:0', requires_grad=True)
     Parameter containing:
tensor([5.4260], device='cuda:0', requires_grad=True)

multipliers:
     Parameter containing:
tensor([0.0605], device='cuda:0', requires_grad=True)
     Parameter containing:
tensor([-0.5981], device='cuda:0', requires_grad=True)
     Parameter containing:
tensor([-1.2841], device='cuda:0', requires_grad=True)
     Parameter containing:
tensor([5.4719], device='cuda:0', requires_grad=True)

multipliers:
     Parameter containing:
tensor([0.0614], device='cuda:0', requires_grad=True)
     Parameter containing:
tensor([-0.6019], device='cuda:0', requires_grad=True)
     Parameter containing:
tensor([-1.2901], device='cuda:0', requires_grad=True)
     Parameter containing:
tensor([5.5224], device='cuda:0', requires_grad=True)

multipliers:
     Parameter containing:
tensor([0.0616], device='cuda:0', requires_grad=True)
     Parameter containing:
tensor([-0.5992], device='cuda:0', requires_grad=True)
     Parameter containing:
tensor([-1.2977], device='cuda:0', requires_grad=True)
     Parameter containing:
tensor([5.5563], device='cuda:0', requires_grad=True)

multipliers:
     Parameter containing:
tensor([0.0623], device='cuda:0', requires_grad=True)
     Parameter containing:
tensor([-0.6013], device='cuda:0', requires_grad=True)
     Parameter containing:
tensor([-1.2959], device='cuda:0', requires_grad=True)
     Parameter containing:
tensor([5.5934], device='cuda:0', requires_grad=True)

multipliers:
     Parameter containing:
tensor([0.0634], device='cuda:0', requires_grad=True)
     Parameter containing:
tensor([-0.5952], device='cuda:0', requires_grad=True)
     Parameter containing:
tensor([-1.2981], device='cuda:0', requires_grad=True)
     Parameter containing:
tensor([5.6219], device='cuda:0', requires_grad=True)

multipliers:
     Parameter containing:
tensor([0.0626], device='cuda:0', requires_grad=True)
     Parameter containing:
tensor([-0.6002], device='cuda:0', requires_grad=True)
     Parameter containing:
tensor([-1.3056], device='cuda:0', requires_grad=True)
     Parameter containing:
tensor([5.6507], device='cuda:0', requires_grad=True)

multipliers:
     Parameter containing:
tensor([0.0627], device='cuda:0', requires_grad=True)
     Parameter containing:
tensor([-0.5953], device='cuda:0', requires_grad=True)
     Parameter containing:
tensor([-1.3033], device='cuda:0', requires_grad=True)
     Parameter containing:
tensor([5.6824], device='cuda:0', requires_grad=True)